0 info it worked if it ends with ok
1 verbose cli [ '/usr/local/bin/node',
1 verbose cli   '/usr/local/bin/npm',
1 verbose cli   'install',
1 verbose cli   '--cache',
1 verbose cli   '--force',
1 verbose cli   '/tmp/empty-cache' ]
2 info using npm@6.14.8
3 info using node@v8.10.0
4 verbose npm-session a4cbe6b457c617a0
5 silly install loadCurrentTree
6 silly install readLocalPackageData
7 silly fetchPackageMetaData error for file:/tmp/empty-cache Could not install from "../../../../../tmp/empty-cache" as it does not contain a package.json file.
8 timing stage:rollbackFailedOptional Completed in 0ms
9 timing stage:runTopLevelLifecycles Completed in 1712ms
10 verbose stack Error: ENOENT: no such file or directory, open '/tmp/empty-cache/package.json'
11 verbose cwd /home/anderson/Área de Trabalho/BaseCurriculos/frontend
12 verbose Linux 5.4.0-42-generic
13 verbose argv "/usr/local/bin/node" "/usr/local/bin/npm" "install" "--cache" "--force" "/tmp/empty-cache"
14 verbose node v8.10.0
15 verbose npm  v6.14.8
16 error code ENOLOCAL
17 error Could not install from "../../../../../tmp/empty-cache" as it does not contain a package.json file.
18 verbose exit [ 1, true ]
